# JRE version: Java(TM) SE Runtime Environment (22.0.1+8) (build 22.0.1+8-16)
# Java VM: Java HotSpot(TM) 64-Bit Server VM (22.0.1+8-16, mixed mode, sharing, tiered, compressed oops, compressed class ptrs, g1 gc, windows-amd64)
GC Precious Log:
 CardTable entry size: 512
 Card Set container configuration: InlinePtr #cards 4 size 8 Array Of Cards #cards 32 size 80 Howl #buckets 8 coarsen threshold 7372 Howl Bitmap #cards 1024 size 144 coarsen threshold 921 Card regions per heap region 1 cards per card region 8192
 CPUs: 16 total, 16 available
 Memory: 31975M
 Large Page Support: Disabled
 NUMA Support: Disabled
 Compressed Oops: Enabled (Zero based)
 Heap Region Size: 4M
 Heap Min Capacity: 8M
 Heap Initial Capacity: 500M
 Heap Max Capacity: 8G
 Pre-touch: Disabled
 Parallel Workers: 13
 Concurrent Workers: 3
 Concurrent Refinement Workers: 13
 Periodic GC: Disabled
Heap:
 garbage-first heap   total reserved 8388608K, committed 552960K, used 343099K [0x0000000600000000, 0x0000000800000000)
  region size 4096K, 4 young (16384K), 4 survivors (16384K)
 Metaspace       used 199540K, committed 202688K, reserved 1245184K
  class space    used 25935K, committed 27456K, reserved 1048576K
GC Heap History (20 events):
Event: 68.480 GC heap after
{Heap after GC invocations=59 (full 0):
 garbage-first heap   total reserved 8388608K, committed 454656K, used 242205K [0x0000000600000000, 0x0000000800000000)
  region size 4096K, 5 young (20480K), 5 survivors (20480K)
 Metaspace       used 184073K, committed 187136K, reserved 1245184K
  class space    used 24105K, committed 25600K, reserved 1048576K
}
Event: 84.693 GC heap before
{Heap before GC invocations=59 (full 0):
 garbage-first heap   total reserved 8388608K, committed 454656K, used 397853K [0x0000000600000000, 0x0000000800000000)
  region size 4096K, 44 young (180224K), 5 survivors (20480K)
 Metaspace       used 189125K, committed 192256K, reserved 1245184K
  class space    used 24683K, committed 26176K, reserved 1048576K
}
Event: 84.704 GC heap after
{Heap after GC invocations=60 (full 0):
 garbage-first heap   total reserved 8388608K, committed 454656K, used 249192K [0x0000000600000000, 0x0000000800000000)
  region size 4096K, 6 young (24576K), 6 survivors (24576K)
 Metaspace       used 189125K, committed 192256K, reserved 1245184K
  class space    used 24683K, committed 26176K, reserved 1048576K
}
Event: 85.999 GC heap before
{Heap before GC invocations=61 (full 0):
 garbage-first heap   total reserved 8388608K, committed 454656K, used 400744K [0x0000000600000000, 0x0000000800000000)
  region size 4096K, 43 young (176128K), 6 survivors (24576K)
 Metaspace       used 195962K, committed 199040K, reserved 1245184K
  class space    used 25664K, committed 27136K, reserved 1048576K
}
Event: 86.011 GC heap after
{Heap after GC invocations=62 (full 0):
 garbage-first heap   total reserved 8388608K, committed 454656K, used 265241K [0x0000000600000000, 0x0000000800000000)
  region size 4096K, 4 young (16384K), 4 survivors (16384K)
 Metaspace       used 195962K, committed 199040K, reserved 1245184K
  class space    used 25664K, committed 27136K, reserved 1048576K
}
Event: 139.662 GC heap before
{Heap before GC invocations=62 (full 0):
 garbage-first heap   total reserved 8388608K, committed 454656K, used 404505K [0x0000000600000000, 0x0000000800000000)
  region size 4096K, 38 young (155648K), 4 survivors (16384K)
 Metaspace       used 197531K, committed 200704K, reserved 1245184K
  class space    used 25873K, committed 27392K, reserved 1048576K
}
Event: 139.679 GC heap after
{Heap after GC invocations=63 (full 0):
 garbage-first heap   total reserved 8388608K, committed 454656K, used 273479K [0x0000000600000000, 0x0000000800000000)
  region size 4096K, 4 young (16384K), 4 survivors (16384K)
 Metaspace       used 197531K, committed 200704K, reserved 1245184K
  class space    used 25873K, committed 27392K, reserved 1048576K
}
Event: 139.953 GC heap before
{Heap before GC invocations=63 (full 0):
 garbage-first heap   total reserved 8388608K, committed 454656K, used 318535K [0x0000000600000000, 0x0000000800000000)
  region size 4096K, 16 young (65536K), 4 survivors (16384K)
 Metaspace       used 197609K, committed 200768K, reserved 1245184K
  class space    used 25874K, committed 27392K, reserved 1048576K
}
Event: 139.958 GC heap after
{Heap after GC invocations=64 (full 0):
 garbage-first heap   total reserved 8388608K, committed 454656K, used 275689K [0x0000000600000000, 0x0000000800000000)
  region size 4096K, 1 young (4096K), 1 survivors (4096K)
 Metaspace       used 197609K, committed 200768K, reserved 1245184K
  class space    used 25874K, committed 27392K, reserved 1048576K
}
Event: 140.311 GC heap before
{Heap before GC invocations=65 (full 0):
 garbage-first heap   total reserved 8388608K, committed 471040K, used 431337K [0x0000000600000000, 0x0000000800000000)
  region size 4096K, 36 young (147456K), 1 survivors (4096K)
 Metaspace       used 197638K, committed 200768K, reserved 1245184K
  class space    used 25874K, committed 27392K, reserved 1048576K
}
Event: 140.326 GC heap after
{Heap after GC invocations=66 (full 0):
 garbage-first heap   total reserved 8388608K, committed 471040K, used 313355K [0x0000000600000000, 0x0000000800000000)
  region size 4096K, 5 young (20480K), 5 survivors (20480K)
 Metaspace       used 197638K, committed 200768K, reserved 1245184K
  class space    used 25874K, committed 27392K, reserved 1048576K
}
Event: 141.048 GC heap before
{Heap before GC invocations=66 (full 0):
 garbage-first heap   total reserved 8388608K, committed 471040K, used 419851K [0x0000000600000000, 0x0000000800000000)
  region size 4096K, 31 young (126976K), 5 survivors (20480K)
 Metaspace       used 198243K, committed 201408K, reserved 1245184K
  class space    used 25885K, committed 27392K, reserved 1048576K
}
Event: 141.069 GC heap after
{Heap after GC invocations=67 (full 0):
 garbage-first heap   total reserved 8388608K, committed 479232K, used 299559K [0x0000000600000000, 0x0000000800000000)
  region size 4096K, 4 young (16384K), 4 survivors (16384K)
 Metaspace       used 198243K, committed 201408K, reserved 1245184K
  class space    used 25885K, committed 27392K, reserved 1048576K
}
Event: 142.823 GC heap before
{Heap before GC invocations=67 (full 0):
 garbage-first heap   total reserved 8388608K, committed 479232K, used 426535K [0x0000000600000000, 0x0000000800000000)
  region size 4096K, 35 young (143360K), 4 survivors (16384K)
 Metaspace       used 198601K, committed 201728K, reserved 1245184K
  class space    used 25893K, committed 27392K, reserved 1048576K
}
Event: 142.834 GC heap after
{Heap after GC invocations=68 (full 0):
 garbage-first heap   total reserved 8388608K, committed 479232K, used 306351K [0x0000000600000000, 0x0000000800000000)
  region size 4096K, 4 young (16384K), 4 survivors (16384K)
 Metaspace       used 198601K, committed 201728K, reserved 1245184K
  class space    used 25893K, committed 27392K, reserved 1048576K
}
Event: 143.461 GC heap before
{Heap before GC invocations=69 (full 0):
 garbage-first heap   total reserved 8388608K, committed 520192K, used 433327K [0x0000000600000000, 0x0000000800000000)
  region size 4096K, 34 young (139264K), 4 survivors (16384K)
 Metaspace       used 198797K, committed 201920K, reserved 1245184K
  class space    used 25904K, committed 27392K, reserved 1048576K
}
Event: 143.474 GC heap after
{Heap after GC invocations=70 (full 0):
 garbage-first heap   total reserved 8388608K, committed 520192K, used 326792K [0x0000000600000000, 0x0000000800000000)
  region size 4096K, 5 young (20480K), 5 survivors (20480K)
 Metaspace       used 198797K, committed 201920K, reserved 1245184K
  class space    used 25904K, committed 27392K, reserved 1048576K
}
Event: 143.893 GC heap before
{Heap before GC invocations=70 (full 0):
 garbage-first heap   total reserved 8388608K, committed 520192K, used 474248K [0x0000000600000000, 0x0000000800000000)
  region size 4096K, 39 young (159744K), 5 survivors (20480K)
 Metaspace       used 198850K, committed 201984K, reserved 1245184K
  class space    used 25905K, committed 27392K, reserved 1048576K
}
Event: 143.915 GC heap after
{Heap after GC invocations=71 (full 0):
 garbage-first heap   total reserved 8388608K, committed 548864K, used 332349K [0x0000000600000000, 0x0000000800000000)
  region size 4096K, 5 young (20480K), 5 survivors (20480K)
 Metaspace       used 198850K, committed 201984K, reserved 1245184K
  class space    used 25905K, committed 27392K, reserved 1048576K
}
Event: 144.860 GC heap before
{Heap before GC invocations=71 (full 0):
 garbage-first heap   total reserved 8388608K, committed 548864K, used 483901K [0x0000000600000000, 0x0000000800000000)
  region size 4096K, 42 young (172032K), 5 survivors (20480K)
 Metaspace       used 199540K, committed 202688K, reserved 1245184K
  class space    used 25935K, committed 27456K, reserved 1048576K
}

