# JRE version: Java(TM) SE Runtime Environment (22.0.1+8) (build 22.0.1+8-16)
# Java VM: Java HotSpot(TM) 64-Bit Server VM (22.0.1+8-16, mixed mode, sharing, tiered, compressed oops, compressed class ptrs, g1 gc, windows-amd64)
GC Precious Log:
 CardTable entry size: 512
 Card Set container configuration: InlinePtr #cards 4 size 8 Array Of Cards #cards 32 size 80 Howl #buckets 8 coarsen threshold 7372 Howl Bitmap #cards 1024 size 144 coarsen threshold 921 Card regions per heap region 1 cards per card region 8192
 CPUs: 16 total, 16 available
 Memory: 31975M
 Large Page Support: Disabled
 NUMA Support: Disabled
 Compressed Oops: Enabled (Zero based)
 Heap Region Size: 4M
 Heap Min Capacity: 8M
 Heap Initial Capacity: 500M
 Heap Max Capacity: 8G
 Pre-touch: Disabled
 Parallel Workers: 13
 Concurrent Workers: 3
 Concurrent Refinement Workers: 13
 Periodic GC: Disabled
Heap:
 garbage-first heap   total reserved 8388608K, committed 651264K, used 535621K [0x0000000600000000, 0x0000000800000000)
  region size 4096K, 64 young (262144K), 5 survivors (20480K)
 Metaspace       used 183701K, committed 186816K, reserved 1245184K
  class space    used 24415K, committed 25856K, reserved 1048576K
GC Heap History (20 events):
Event: 27.674 GC heap before
{Heap before GC invocations=47 (full 0):
 garbage-first heap   total reserved 8388608K, committed 409600K, used 278528K [0x0000000600000000, 0x0000000800000000)
  region size 4096K, 16 young (65536K), 5 survivors (20480K)
 Metaspace       used 168354K, committed 171392K, reserved 1245184K
  class space    used 22889K, committed 24320K, reserved 1048576K
}
Event: 27.685 GC heap after
{Heap after GC invocations=48 (full 0):
 garbage-first heap   total reserved 8388608K, committed 409600K, used 253826K [0x0000000600000000, 0x0000000800000000)
  region size 4096K, 4 young (16384K), 4 survivors (16384K)
 Metaspace       used 168354K, committed 171392K, reserved 1245184K
  class space    used 22889K, committed 24320K, reserved 1048576K
}
Event: 28.376 GC heap before
{Heap before GC invocations=49 (full 0):
 garbage-first heap   total reserved 8388608K, committed 446464K, used 360322K [0x0000000600000000, 0x0000000800000000)
  region size 4096K, 28 young (114688K), 4 survivors (16384K)
 Metaspace       used 168483K, committed 171520K, reserved 1245184K
  class space    used 22889K, committed 24320K, reserved 1048576K
}
Event: 28.384 GC heap after
{Heap after GC invocations=50 (full 0):
 garbage-first heap   total reserved 8388608K, committed 446464K, used 275353K [0x0000000600000000, 0x0000000800000000)
  region size 4096K, 4 young (16384K), 4 survivors (16384K)
 Metaspace       used 168483K, committed 171520K, reserved 1245184K
  class space    used 22889K, committed 24320K, reserved 1048576K
}
Event: 30.017 GC heap before
{Heap before GC invocations=50 (full 0):
 garbage-first heap   total reserved 8388608K, committed 446464K, used 385945K [0x0000000600000000, 0x0000000800000000)
  region size 4096K, 31 young (126976K), 4 survivors (16384K)
 Metaspace       used 172404K, committed 175424K, reserved 1245184K
  class space    used 23356K, committed 24768K, reserved 1048576K
}
Event: 30.033 GC heap after
{Heap after GC invocations=51 (full 0):
 garbage-first heap   total reserved 8388608K, committed 446464K, used 265195K [0x0000000600000000, 0x0000000800000000)
  region size 4096K, 3 young (12288K), 3 survivors (12288K)
 Metaspace       used 172404K, committed 175424K, reserved 1245184K
  class space    used 23356K, committed 24768K, reserved 1048576K
}
Event: 30.935 GC heap before
{Heap before GC invocations=51 (full 0):
 garbage-first heap   total reserved 8388608K, committed 446464K, used 388075K [0x0000000600000000, 0x0000000800000000)
  region size 4096K, 33 young (135168K), 3 survivors (12288K)
 Metaspace       used 175038K, committed 178112K, reserved 1245184K
  class space    used 23645K, committed 25088K, reserved 1048576K
}
Event: 30.942 GC heap after
{Heap after GC invocations=52 (full 0):
 garbage-first heap   total reserved 8388608K, committed 446464K, used 265320K [0x0000000600000000, 0x0000000800000000)
  region size 4096K, 2 young (8192K), 2 survivors (8192K)
 Metaspace       used 175038K, committed 178112K, reserved 1245184K
  class space    used 23645K, committed 25088K, reserved 1048576K
}
Event: 63.915 GC heap before
{Heap before GC invocations=53 (full 0):
 garbage-first heap   total reserved 8388608K, committed 446464K, used 396392K [0x0000000600000000, 0x0000000800000000)
  region size 4096K, 34 young (139264K), 2 survivors (8192K)
 Metaspace       used 175871K, committed 178944K, reserved 1245184K
  class space    used 23701K, committed 25152K, reserved 1048576K
}
Event: 63.927 GC heap after
{Heap after GC invocations=54 (full 0):
 garbage-first heap   total reserved 8388608K, committed 446464K, used 278467K [0x0000000600000000, 0x0000000800000000)
  region size 4096K, 5 young (20480K), 5 survivors (20480K)
 Metaspace       used 175871K, committed 178944K, reserved 1245184K
  class space    used 23701K, committed 25152K, reserved 1048576K
}
Event: 64.426 GC heap before
{Heap before GC invocations=54 (full 0):
 garbage-first heap   total reserved 8388608K, committed 446464K, used 417731K [0x0000000600000000, 0x0000000800000000)
  region size 4096K, 35 young (143360K), 5 survivors (20480K)
 Metaspace       used 175975K, committed 179136K, reserved 1245184K
  class space    used 23701K, committed 25216K, reserved 1048576K
}
Event: 64.454 GC heap after
{Heap after GC invocations=55 (full 0):
 garbage-first heap   total reserved 8388608K, committed 475136K, used 304049K [0x0000000600000000, 0x0000000800000000)
  region size 4096K, 5 young (20480K), 5 survivors (20480K)
 Metaspace       used 175975K, committed 179136K, reserved 1245184K
  class space    used 23701K, committed 25216K, reserved 1048576K
}
Event: 66.278 GC heap before
{Heap before GC invocations=55 (full 0):
 garbage-first heap   total reserved 8388608K, committed 475136K, used 418737K [0x0000000600000000, 0x0000000800000000)
  region size 4096K, 33 young (135168K), 5 survivors (20480K)
 Metaspace       used 177878K, committed 180992K, reserved 1245184K
  class space    used 23844K, committed 25344K, reserved 1048576K
}
Event: 66.285 GC heap after
{Heap after GC invocations=56 (full 0):
 garbage-first heap   total reserved 8388608K, committed 475136K, used 296796K [0x0000000600000000, 0x0000000800000000)
  region size 4096K, 1 young (4096K), 1 survivors (4096K)
 Metaspace       used 177878K, committed 180992K, reserved 1245184K
  class space    used 23844K, committed 25344K, reserved 1048576K
}
Event: 74.240 GC heap before
{Heap before GC invocations=57 (full 0):
 garbage-first heap   total reserved 8388608K, committed 475136K, used 411484K [0x0000000600000000, 0x0000000800000000)
  region size 4096K, 32 young (131072K), 1 survivors (4096K)
 Metaspace       used 181809K, committed 184896K, reserved 1245184K
  class space    used 24328K, committed 25792K, reserved 1048576K
}
Event: 74.250 GC heap after
{Heap after GC invocations=58 (full 0):
 garbage-first heap   total reserved 8388608K, committed 475136K, used 304153K [0x0000000600000000, 0x0000000800000000)
  region size 4096K, 4 young (16384K), 4 survivors (16384K)
 Metaspace       used 181809K, committed 184896K, reserved 1245184K
  class space    used 24328K, committed 25792K, reserved 1048576K
}
Event: 74.606 GC heap before
{Heap before GC invocations=58 (full 0):
 garbage-first heap   total reserved 8388608K, committed 475136K, used 435225K [0x0000000600000000, 0x0000000800000000)
  region size 4096K, 34 young (139264K), 4 survivors (16384K)
 Metaspace       used 181883K, committed 184960K, reserved 1245184K
  class space    used 24335K, committed 25792K, reserved 1048576K
}
Event: 74.627 GC heap after
{Heap after GC invocations=59 (full 0):
 garbage-first heap   total reserved 8388608K, committed 491520K, used 291279K [0x0000000600000000, 0x0000000800000000)
  region size 4096K, 5 young (20480K), 5 survivors (20480K)
 Metaspace       used 181883K, committed 184960K, reserved 1245184K
  class space    used 24335K, committed 25792K, reserved 1048576K
}
Event: 75.522 GC heap before
{Heap before GC invocations=59 (full 0):
 garbage-first heap   total reserved 8388608K, committed 491520K, used 422351K [0x0000000600000000, 0x0000000800000000)
  region size 4096K, 38 young (155648K), 5 survivors (20480K)
 Metaspace       used 182903K, committed 185984K, reserved 1245184K
  class space    used 24389K, committed 25856K, reserved 1048576K
}
Event: 75.545 GC heap after
{Heap after GC invocations=60 (full 0):
 garbage-first heap   total reserved 8388608K, committed 651264K, used 298053K [0x0000000600000000, 0x0000000800000000)
  region size 4096K, 5 young (20480K), 5 survivors (20480K)
 Metaspace       used 182903K, committed 185984K, reserved 1245184K
  class space    used 24389K, committed 25856K, reserved 1048576K
}

